0 info it worked if it ends with ok
1 verbose cli [ '/Users/Boss/.nvm/versions/node/v5.1.0/bin/node',
1 verbose cli   '/Users/Boss/.nvm/versions/node/v5.1.0/bin/npm',
1 verbose cli   'start' ]
2 info using npm@4.0.3
3 info using node@v5.1.0
4 verbose run-script [ 'prestart', 'start', 'poststart' ]
5 info lifecycle ticTacToeRedo@1.0.0~prestart: ticTacToeRedo@1.0.0
6 silly lifecycle ticTacToeRedo@1.0.0~prestart: no script for prestart, continuing
7 info lifecycle ticTacToeRedo@1.0.0~start: ticTacToeRedo@1.0.0
8 verbose lifecycle ticTacToeRedo@1.0.0~start: unsafe-perm in lifecycle true
9 verbose lifecycle ticTacToeRedo@1.0.0~start: PATH: /Users/Boss/.nvm/versions/node/v5.1.0/lib/node_modules/npm/bin/node-gyp-bin:/Users/Boss/Projects/ticTacToeRedo/node_modules/.bin:/Users/Boss/.nvm/versions/node/v5.1.0/bin:/usr/local/bin:/usr/local/bin:/usr/bin:/bin:/usr/sbin:/sbin
10 verbose lifecycle ticTacToeRedo@1.0.0~start: CWD: /Users/Boss/Projects/ticTacToeRedo
11 silly lifecycle ticTacToeRedo@1.0.0~start: Args: [ '-c', 'node app.js' ]
12 silly lifecycle ticTacToeRedo@1.0.0~start: Returned: code: 1  signal: null
13 info lifecycle ticTacToeRedo@1.0.0~start: Failed to exec start script
14 verbose stack Error: ticTacToeRedo@1.0.0 start: `node app.js`
14 verbose stack Exit status 1
14 verbose stack     at EventEmitter.<anonymous> (/Users/Boss/.nvm/versions/node/v5.1.0/lib/node_modules/npm/lib/utils/lifecycle.js:279:16)
14 verbose stack     at emitTwo (events.js:87:13)
14 verbose stack     at EventEmitter.emit (events.js:172:7)
14 verbose stack     at ChildProcess.<anonymous> (/Users/Boss/.nvm/versions/node/v5.1.0/lib/node_modules/npm/lib/utils/spawn.js:40:14)
14 verbose stack     at emitTwo (events.js:87:13)
14 verbose stack     at ChildProcess.emit (events.js:172:7)
14 verbose stack     at maybeClose (internal/child_process.js:818:16)
14 verbose stack     at Process.ChildProcess._handle.onexit (internal/child_process.js:211:5)
15 verbose pkgid ticTacToeRedo@1.0.0
16 verbose cwd /Users/Boss/Projects/ticTacToeRedo
17 error Darwin 16.3.0
18 error argv "/Users/Boss/.nvm/versions/node/v5.1.0/bin/node" "/Users/Boss/.nvm/versions/node/v5.1.0/bin/npm" "start"
19 error node v5.1.0
20 error npm  v4.0.3
21 error code ELIFECYCLE
22 error ticTacToeRedo@1.0.0 start: `node app.js`
22 error Exit status 1
23 error Failed at the ticTacToeRedo@1.0.0 start script 'node app.js'.
23 error Make sure you have the latest version of node.js and npm installed.
23 error If you do, this is most likely a problem with the ticTacToeRedo package,
23 error not with npm itself.
23 error Tell the author that this fails on your system:
23 error     node app.js
23 error You can get information on how to open an issue for this project with:
23 error     npm bugs ticTacToeRedo
23 error Or if that isn't available, you can get their info via:
23 error     npm owner ls ticTacToeRedo
23 error There is likely additional logging output above.
24 verbose exit [ 1, true ]
